<?xml version="1.0" encoding="UTF-8" standalone="yes"?>
<testsuite errors="0" failures="0" skipped="0" tests="1" name="default-00" time="6.474" timestamp="2014-07-08T08:58:50-06:00">
    <properties/>
    <testcase name="test" time="6.438" timestamp="2014-07-08T08:58:50-06:00">
        <system-out>[2014-07-08 08:58:50.191] [INFO] Start: TestCase[test] (test.html)&#xD;
[2014-07-08 08:58:50.191] [INFO] baseURL: https://github.com&#xD;
[2014-07-08 08:58:50.202] [INFO] Command#1: open(&quot;/vmi/selenese-runner-java&quot;)&#xD;
[2014-07-08 08:58:55.147] [INFO] [[ATTACHMENT|C:\_checkouts\tmp\img\failed\test_20140708_085854652_1.png]]&#xD;
[2014-07-08 08:58:55.186] [INFO] - [Success] URL: [https://github.com/vmi/selenese-runner-java] / Title: [vmi/selenese-runner-java · GitHub]&#xD;
[2014-07-08 08:58:55.187] [INFO] - Cookie: _ga=[GA1.2.1704604975.1404831533] (domain=.github.com, path=/, expire=2016-07-07 08:58:53)&#xD;
[2014-07-08 08:58:55.187] [INFO] - Cookie: _gh_sess=[eyJzZXNzaW9uX2lkIjoiYzU1NTk3NWZkY2E0OWM0OGMwZWQ2Mzc0YzY2ZTI0NGIiLCJzcHlfcmVwbyI6InZtaS9zZWxlbmVzZS1ydW5uZXItamF2YSIsInNweV9yZXBvX2F0IjoxNDA0ODMxNTcxLCJfY3NyZl90b2tlbiI6IkhEN3piUnFWKzlicDNNc3o5a2w0NXhXdUdnMlU1Vnk5ckZpM2pWNGQzNGc9In0%3D--2ffea27c47d6296cc5d8f6c52917933b5307e231] (domain=github.com, path=/, expire=*)&#xD;
[2014-07-08 08:58:55.188] [INFO] - Cookie: _octo=[GH1.1.906791125.1404831534] (domain=.github.com, path=/, expire=2016-07-07 08:58:53)&#xD;
[2014-07-08 08:58:55.188] [INFO] - Cookie: logged_in=[no] (domain=.github.com, path=/, expire=2034-07-08 08:58:51)&#xD;
[2014-07-08 08:58:55.189] [INFO] - Cookie: tz=[America%2FDenver] (domain=github.com, path=/, expire=*)&#xD;
[2014-07-08 08:58:55.189] [INFO] Command#2: waitForPageToLoad(&quot;60000&quot;)&#xD;
[2014-07-08 08:58:56.122] [INFO] [[ATTACHMENT|C:\_checkouts\tmp\img\failed\test_20140708_085855708_2.png]]&#xD;
[2014-07-08 08:58:56.160] [INFO] - [Success]&#xD;
[2014-07-08 08:58:56.161] [INFO] Command#3: verifyTextPresent(&quot;Selenese Runner Java&quot;)&#xD;
[2014-07-08 08:58:56.596] [INFO] [[ATTACHMENT|C:\_checkouts\tmp\img\failed\test_20140708_085856197_3.png]]&#xD;
[2014-07-08 08:58:56.627] [INFO] - [Success]&#xD;
[2014-07-08 08:58:56.637] [INFO] End(6.437sec): TestCase[test] (test.html)</system-out>
    </testcase>
</testsuite>
